<?xml version="1.0" encoding="UTF-8"?>
<!-- Generated by org.testng.reporters.JUnitReportReporter -->
<testsuite hostname="DESKTOP-5VCHVMI" failures="0" tests="1" name="options.TestRun" time="86.596" errors="0" timestamp="2021-05-25T22:33:29 IST" skipped="0">
  <testcase classname="options.TestRun" name="runScenario" time="86.596"/>
  <system-out/>
</testsuite> <!-- options.TestRun -->
